<?xml version="1.0" encoding="UTF-8"?>
<!-- Generated by org.testng.reporters.JUnitXMLReporter -->
<testsuite hostname="pankaj-pc" ignored="0" name="reTryMultipleFailedTestCases" tests="9" failures="2" timestamp="17 May 2018 10:25:02 GMT" time="0.145" errors="0">
  <testcase name="test1" time="0.041" classname="mytests.MyTests">
    <skipped/>
  </testcase> <!-- test1 -->
  <testcase name="test1" time="0.003" classname="mytests.MyTests">
    <skipped/>
  </testcase> <!-- test1 -->
  <testcase name="test1" time="0.003" classname="mytests.MyTests">
    <skipped/>
  </testcase> <!-- test1 -->
  <testcase name="test1" time="0.002" classname="mytests.MyTests">
    <failure type="java.lang.AssertionError" message="expected:&amp;lt;false&amp;gt; but was:&amp;lt;true&amp;gt;">
      <![CDATA[java.lang.AssertionError: expected:<false> but was:<true>
at org.junit.Assert.fail(Assert.java:88)
at org.junit.Assert.failNotEquals(Assert.java:834)
at org.junit.Assert.assertEquals(Assert.java:118)
at org.junit.Assert.assertEquals(Assert.java:144)
at mytests.MyTests.test1(MyTests.java:9)
... Removed 25 stack frames]]>
    </failure>
  </testcase> <!-- test1 -->
  <testcase name="test2" time="0.006" classname="mytests.MyTests">
    <skipped/>
  </testcase> <!-- test2 -->
  <testcase name="test2" time="0.002" classname="mytests.MyTests">
    <skipped/>
  </testcase> <!-- test2 -->
  <testcase name="test2" time="0.001" classname="mytests.MyTests">
    <skipped/>
  </testcase> <!-- test2 -->
  <testcase name="test2" time="0.003" classname="mytests.MyTests">
    <failure type="java.lang.AssertionError" message="expected:&amp;lt;false&amp;gt; but was:&amp;lt;true&amp;gt;">
      <![CDATA[java.lang.AssertionError: expected:<false> but was:<true>
at org.junit.Assert.fail(Assert.java:88)
at org.junit.Assert.failNotEquals(Assert.java:834)
at org.junit.Assert.assertEquals(Assert.java:118)
at org.junit.Assert.assertEquals(Assert.java:144)
at mytests.MyTests.test2(MyTests.java:14)
... Removed 25 stack frames]]>
    </failure>
  </testcase> <!-- test2 -->
  <testcase name="test3" time="0.001" classname="mytests.MyTests"/>
</testsuite> <!-- reTryMultipleFailedTestCases -->
